18:56:45.966 [main] TRACE - Resolving type for handle stcellrefe4e0type
18:56:45.980 [main] TRACE - Resolving type for handle cthyperlinks6416type
18:56:45.983 [main] TRACE - Resolving type for handle cthyperlink0c85type
18:56:45.993 [main] TRACE - Resolving type for handle stxstringf179type
18:56:46.000 [main] TRACE - Resolving type for handle stcelltypebf95type
18:56:55.596 [main] INFO  - Go to my account: click on login
18:57:00.274 [main] DEBUG - Parsing relationship: /xl/_rels/workbook.xml.rels
18:57:00.277 [main] DEBUG - Parsing relationship: /xl/worksheets/_rels/sheet1.xml.rels
18:57:00.280 [main] DEBUG - Parsing relationship: /_rels/.rels
18:57:00.307 [main] DEBUG - using default POIXMLDocumentPart for http://schemas.openxmlformats.org/officeDocument/2006/relationships/printerSettings
18:57:06.588 [main] INFO  - Go to my account: click on login
18:57:10.810 [main] DEBUG - Parsing relationship: /xl/_rels/workbook.xml.rels
18:57:10.811 [main] DEBUG - Parsing relationship: /xl/worksheets/_rels/sheet1.xml.rels
18:57:10.814 [main] DEBUG - Parsing relationship: /_rels/.rels
18:57:10.841 [main] DEBUG - using default POIXMLDocumentPart for http://schemas.openxmlformats.org/officeDocument/2006/relationships/printerSettings
18:57:16.794 [main] INFO  - Go to my account: click on login
18:57:20.736 [main] DEBUG - Parsing relationship: /xl/_rels/workbook.xml.rels
18:57:20.764 [main] DEBUG - Parsing relationship: /xl/worksheets/_rels/sheet1.xml.rels
18:57:20.767 [main] DEBUG - Parsing relationship: /_rels/.rels
18:57:20.790 [main] DEBUG - using default POIXMLDocumentPart for http://schemas.openxmlformats.org/officeDocument/2006/relationships/printerSettings
18:57:36.045 [main] INFO  - Go to my account: click on login
18:57:39.939 [main] DEBUG - Parsing relationship: /xl/_rels/workbook.xml.rels
18:57:39.940 [main] DEBUG - Parsing relationship: /xl/worksheets/_rels/sheet1.xml.rels
18:57:39.942 [main] DEBUG - Parsing relationship: /_rels/.rels
18:57:39.958 [main] DEBUG - using default POIXMLDocumentPart for http://schemas.openxmlformats.org/officeDocument/2006/relationships/printerSettings
18:57:55.873 [main] INFO  - Go to my account: click on login
18:57:59.986 [main] DEBUG - Parsing relationship: /xl/_rels/workbook.xml.rels
18:57:59.988 [main] DEBUG - Parsing relationship: /xl/worksheets/_rels/sheet1.xml.rels
18:57:59.990 [main] DEBUG - Parsing relationship: /_rels/.rels
18:58:00.008 [main] DEBUG - using default POIXMLDocumentPart for http://schemas.openxmlformats.org/officeDocument/2006/relationships/printerSettings
18:58:15.057 [main] INFO  - Go to my account: click on login
18:58:18.991 [main] DEBUG - Parsing relationship: /xl/_rels/workbook.xml.rels
18:58:18.993 [main] DEBUG - Parsing relationship: /xl/worksheets/_rels/sheet1.xml.rels
18:58:18.994 [main] DEBUG - Parsing relationship: /_rels/.rels
18:58:19.014 [main] DEBUG - using default POIXMLDocumentPart for http://schemas.openxmlformats.org/officeDocument/2006/relationships/printerSettings
19:01:41.356 [main] INFO  - Go to my account: click on login
19:01:45.851 [main] DEBUG - Parsing relationship: /xl/_rels/workbook.xml.rels
19:01:45.855 [main] DEBUG - Parsing relationship: /xl/worksheets/_rels/sheet1.xml.rels
19:01:45.859 [main] DEBUG - Parsing relationship: /_rels/.rels
19:01:46.157 [main] TRACE - Loading type system org.apache.poi.schemas.ooxml.system.ooxml
19:01:46.162 [main] TRACE - Loading type system org.apache.xmlbeans.metadata.system.sXMLCONFIG
19:01:46.163 [main] TRACE - Loading type system org.apache.xmlbeans.metadata.system.sXMLLANG
19:01:46.164 [main] TRACE - Loading type system org.apache.xmlbeans.metadata.system.sXMLSCHEMA
19:01:46.165 [main] TRACE - Loading type system org.apache.xmlbeans.metadata.system.sXMLTOOLS
19:01:46.167 [main] TRACE - Reading unresolved handles for type system org.apache.xmlbeans.metadata.system.sXMLTOOLS
19:01:46.188 [main] TRACE - Finished loading type system org.apache.xmlbeans.metadata.system.sXMLTOOLS
19:01:46.191 [main] TRACE - Reading unresolved handles for type system org.apache.xmlbeans.metadata.system.sXMLSCHEMA
19:01:46.198 [main] TRACE - Finished loading type system org.apache.xmlbeans.metadata.system.sXMLSCHEMA
19:01:46.200 [main] TRACE - Reading unresolved handles for type system org.apache.xmlbeans.metadata.system.sXMLLANG
19:01:46.202 [main] TRACE - Finished loading type system org.apache.xmlbeans.metadata.system.sXMLLANG
19:01:46.204 [main] TRACE - Reading unresolved handles for type system org.apache.xmlbeans.metadata.system.sXMLCONFIG
19:01:46.205 [main] TRACE - Finished loading type system org.apache.xmlbeans.metadata.system.sXMLCONFIG
19:01:46.206 [main] TRACE - Reading unresolved handles for type system org.apache.poi.schemas.ooxml.system.ooxml
19:01:46.312 [main] TRACE - Finished loading type system org.apache.poi.schemas.ooxml.system.ooxml
19:01:46.313 [main] TRACE - Resolving type for handle themefd26doctype
19:01:46.403 [main] TRACE - Resolving type for handle stylesheet5d8bdoctype
19:01:46.413 [main] TRACE - Resolving type for handle ctstylesheet4257type
19:01:46.420 [main] TRACE - Resolving type for handle ctfonts6623type
19:01:46.425 [main] TRACE - Resolving type for handle ctfont14d8type
19:01:46.437 [main] TRACE - Resolving type for handle ctfills2c6ftype
19:01:46.441 [main] TRACE - Resolving type for handle ctfill550ctype
19:01:46.445 [main] TRACE - Resolving type for handle ctborders0d66type
19:01:46.449 [main] TRACE - Resolving type for handle ctborderf935type
19:01:46.455 [main] TRACE - Resolving type for handle ctcellxfs1322type
19:01:46.458 [main] TRACE - Resolving type for handle ctxf97f7type
19:01:46.462 [main] TRACE - Resolving type for handle ctcellstylexfsa81ftype
19:01:46.464 [main] TRACE - Resolving type for handle ctdxfsb26atype
19:01:46.467 [main] TRACE - Resolving type for handle cttablestyles872ftype
19:01:46.472 [main] TRACE - Resolving type for handle sstf81fdoctype
19:01:46.479 [main] TRACE - Resolving type for handle ctsst44f3type
19:01:46.494 [main] TRACE - Resolving type for handle ctrsta472type
19:01:46.530 [main] DEBUG - using default POIXMLDocumentPart for http://schemas.openxmlformats.org/officeDocument/2006/relationships/printerSettings
19:01:46.531 [main] TRACE - Resolving type for handle workbookec17doctype
19:01:46.539 [main] TRACE - Resolving type for handle ctworkbook83c3type
19:01:46.548 [main] TRACE - Resolving type for handle ctsheets49fdtype
19:01:46.550 [main] TRACE - Resolving type for handle ctsheet4dbetype
19:01:46.553 [main] TRACE - Resolving type for handle strelationshipid1e94type
19:01:46.556 [main] TRACE - Resolving type for handle worksheetf539doctype
19:01:46.565 [main] TRACE - Resolving type for handle ctworksheet530dtype
19:01:46.580 [main] TRACE - Resolving type for handle ctcols627ctype
19:01:46.586 [main] TRACE - Resolving type for handle ctcola95ftype
19:01:46.609 [main] TRACE - Resolving type for handle ctsheetdata8408type
19:01:46.612 [main] TRACE - Resolving type for handle ctrowdd39type
19:01:46.617 [main] TRACE - Resolving type for handle ctcell842btype
19:01:46.625 [main] TRACE - Resolving type for handle stcellrefe4e0type
19:01:46.630 [main] TRACE - Resolving type for handle cthyperlinks6416type
19:01:46.633 [main] TRACE - Resolving type for handle cthyperlink0c85type
19:01:46.639 [main] TRACE - Resolving type for handle stxstringf179type
19:01:46.642 [main] TRACE - Resolving type for handle stcelltypebf95type
19:01:58.309 [main] INFO  - Go to my account: click on login
19:02:02.414 [main] DEBUG - Parsing relationship: /xl/_rels/workbook.xml.rels
19:02:02.416 [main] DEBUG - Parsing relationship: /xl/worksheets/_rels/sheet1.xml.rels
19:02:02.420 [main] DEBUG - Parsing relationship: /_rels/.rels
19:02:02.448 [main] DEBUG - using default POIXMLDocumentPart for http://schemas.openxmlformats.org/officeDocument/2006/relationships/printerSettings
19:02:13.666 [main] INFO  - Go to my account: click on login
19:02:17.856 [main] DEBUG - Parsing relationship: /xl/_rels/workbook.xml.rels
19:02:17.858 [main] DEBUG - Parsing relationship: /xl/worksheets/_rels/sheet1.xml.rels
19:02:17.861 [main] DEBUG - Parsing relationship: /_rels/.rels
19:02:17.879 [main] DEBUG - using default POIXMLDocumentPart for http://schemas.openxmlformats.org/officeDocument/2006/relationships/printerSettings
19:02:28.728 [main] INFO  - Go to my account: click on login
19:02:32.679 [main] DEBUG - Parsing relationship: /xl/_rels/workbook.xml.rels
19:02:32.681 [main] DEBUG - Parsing relationship: /xl/worksheets/_rels/sheet1.xml.rels
19:02:32.684 [main] DEBUG - Parsing relationship: /_rels/.rels
19:02:32.707 [main] DEBUG - using default POIXMLDocumentPart for http://schemas.openxmlformats.org/officeDocument/2006/relationships/printerSettings
19:02:53.920 [main] INFO  - Go to my account: click on login
19:02:57.768 [main] DEBUG - Parsing relationship: /xl/_rels/workbook.xml.rels
19:02:57.770 [main] DEBUG - Parsing relationship: /xl/worksheets/_rels/sheet1.xml.rels
19:02:57.773 [main] DEBUG - Parsing relationship: /_rels/.rels
19:02:57.792 [main] DEBUG - using default POIXMLDocumentPart for http://schemas.openxmlformats.org/officeDocument/2006/relationships/printerSettings
19:03:18.039 [main] INFO  - Go to my account: click on login
19:03:22.229 [main] DEBUG - Parsing relationship: /xl/_rels/workbook.xml.rels
19:03:22.233 [main] DEBUG - Parsing relationship: /xl/worksheets/_rels/sheet1.xml.rels
19:03:22.236 [main] DEBUG - Parsing relationship: /_rels/.rels
19:03:22.266 [main] DEBUG - using default POIXMLDocumentPart for http://schemas.openxmlformats.org/officeDocument/2006/relationships/printerSettings
19:03:42.930 [main] INFO  - Go to my account: click on login
19:03:47.297 [main] DEBUG - Parsing relationship: /xl/_rels/workbook.xml.rels
19:03:47.299 [main] DEBUG - Parsing relationship: /xl/worksheets/_rels/sheet1.xml.rels
19:03:47.301 [main] DEBUG - Parsing relationship: /_rels/.rels
19:03:47.324 [main] DEBUG - using default POIXMLDocumentPart for http://schemas.openxmlformats.org/officeDocument/2006/relationships/printerSettings
19:05:32.579 [main] INFO  - Go to my account: click on login
19:05:37.099 [main] DEBUG - Parsing relationship: /xl/_rels/workbook.xml.rels
19:05:37.105 [main] DEBUG - Parsing relationship: /xl/worksheets/_rels/sheet1.xml.rels
19:05:37.112 [main] DEBUG - Parsing relationship: /_rels/.rels
19:05:37.517 [main] TRACE - Loading type system org.apache.poi.schemas.ooxml.system.ooxml
19:05:37.525 [main] TRACE - Loading type system org.apache.xmlbeans.metadata.system.sXMLCONFIG
19:05:37.527 [main] TRACE - Loading type system org.apache.xmlbeans.metadata.system.sXMLLANG
19:05:37.528 [main] TRACE - Loading type system org.apache.xmlbeans.metadata.system.sXMLSCHEMA
19:05:37.530 [main] TRACE - Loading type system org.apache.xmlbeans.metadata.system.sXMLTOOLS
19:05:37.534 [main] TRACE - Reading unresolved handles for type system org.apache.xmlbeans.metadata.system.sXMLTOOLS
19:05:37.561 [main] TRACE - Finished loading type system org.apache.xmlbeans.metadata.system.sXMLTOOLS
19:05:37.564 [main] TRACE - Reading unresolved handles for type system org.apache.xmlbeans.metadata.system.sXMLSCHEMA
19:05:37.584 [main] TRACE - Finished loading type system org.apache.xmlbeans.metadata.system.sXMLSCHEMA
19:05:37.587 [main] TRACE - Reading unresolved handles for type system org.apache.xmlbeans.metadata.system.sXMLLANG
19:05:37.589 [main] TRACE - Finished loading type system org.apache.xmlbeans.metadata.system.sXMLLANG
19:05:37.593 [main] TRACE - Reading unresolved handles for type system org.apache.xmlbeans.metadata.system.sXMLCONFIG
19:05:37.595 [main] TRACE - Finished loading type system org.apache.xmlbeans.metadata.system.sXMLCONFIG
19:05:37.598 [main] TRACE - Reading unresolved handles for type system org.apache.poi.schemas.ooxml.system.ooxml
19:05:37.758 [main] TRACE - Finished loading type system org.apache.poi.schemas.ooxml.system.ooxml
19:05:37.760 [main] TRACE - Resolving type for handle themefd26doctype
19:05:37.867 [main] TRACE - Resolving type for handle stylesheet5d8bdoctype
19:05:37.880 [main] TRACE - Resolving type for handle ctstylesheet4257type
19:05:37.891 [main] TRACE - Resolving type for handle ctfonts6623type
19:05:37.896 [main] TRACE - Resolving type for handle ctfont14d8type
19:05:37.910 [main] TRACE - Resolving type for handle ctfills2c6ftype
19:05:37.915 [main] TRACE - Resolving type for handle ctfill550ctype
19:05:37.920 [main] TRACE - Resolving type for handle ctborders0d66type
19:05:37.925 [main] TRACE - Resolving type for handle ctborderf935type
19:05:37.934 [main] TRACE - Resolving type for handle ctcellxfs1322type
19:05:37.939 [main] TRACE - Resolving type for handle ctxf97f7type
19:05:37.946 [main] TRACE - Resolving type for handle ctcellstylexfsa81ftype
19:05:37.950 [main] TRACE - Resolving type for handle ctdxfsb26atype
19:05:37.956 [main] TRACE - Resolving type for handle cttablestyles872ftype
19:05:37.963 [main] TRACE - Resolving type for handle sstf81fdoctype
19:05:37.972 [main] TRACE - Resolving type for handle ctsst44f3type
19:05:37.992 [main] TRACE - Resolving type for handle ctrsta472type
19:05:38.043 [main] DEBUG - using default POIXMLDocumentPart for http://schemas.openxmlformats.org/officeDocument/2006/relationships/printerSettings
19:05:38.044 [main] TRACE - Resolving type for handle workbookec17doctype
19:05:38.054 [main] TRACE - Resolving type for handle ctworkbook83c3type
19:05:38.066 [main] TRACE - Resolving type for handle ctsheets49fdtype
19:05:38.075 [main] TRACE - Resolving type for handle ctsheet4dbetype
19:05:38.080 [main] TRACE - Resolving type for handle strelationshipid1e94type
19:05:38.084 [main] TRACE - Resolving type for handle worksheetf539doctype
19:05:38.101 [main] TRACE - Resolving type for handle ctworksheet530dtype
19:05:38.120 [main] TRACE - Resolving type for handle ctcols627ctype
19:05:38.130 [main] TRACE - Resolving type for handle ctcola95ftype
19:05:38.161 [main] TRACE - Resolving type for handle ctsheetdata8408type
19:05:38.167 [main] TRACE - Resolving type for handle ctrowdd39type
19:05:38.178 [main] TRACE - Resolving type for handle ctcell842btype
19:05:38.193 [main] TRACE - Resolving type for handle stcellrefe4e0type
19:05:38.203 [main] TRACE - Resolving type for handle cthyperlinks6416type
19:05:38.207 [main] TRACE - Resolving type for handle cthyperlink0c85type
19:05:38.218 [main] TRACE - Resolving type for handle stxstringf179type
19:05:38.223 [main] TRACE - Resolving type for handle stcelltypebf95type
19:05:53.625 [main] INFO  - Go to my account: click on login
19:05:58.589 [main] DEBUG - Parsing relationship: /xl/_rels/workbook.xml.rels
19:05:58.593 [main] DEBUG - Parsing relationship: /xl/worksheets/_rels/sheet1.xml.rels
19:05:58.597 [main] DEBUG - Parsing relationship: /_rels/.rels
19:05:58.643 [main] DEBUG - using default POIXMLDocumentPart for http://schemas.openxmlformats.org/officeDocument/2006/relationships/printerSettings
19:06:11.879 [main] INFO  - Go to my account: click on login
19:06:16.218 [main] DEBUG - Parsing relationship: /xl/_rels/workbook.xml.rels
19:06:16.221 [main] DEBUG - Parsing relationship: /xl/worksheets/_rels/sheet1.xml.rels
19:06:16.226 [main] DEBUG - Parsing relationship: /_rels/.rels
19:06:16.249 [main] DEBUG - using default POIXMLDocumentPart for http://schemas.openxmlformats.org/officeDocument/2006/relationships/printerSettings
19:06:27.520 [main] INFO  - Go to my account: click on login
19:06:31.587 [main] DEBUG - Parsing relationship: /xl/_rels/workbook.xml.rels
19:06:31.591 [main] DEBUG - Parsing relationship: /xl/worksheets/_rels/sheet1.xml.rels
19:06:31.597 [main] DEBUG - Parsing relationship: /_rels/.rels
19:06:31.668 [main] DEBUG - using default POIXMLDocumentPart for http://schemas.openxmlformats.org/officeDocument/2006/relationships/printerSettings
19:06:53.525 [main] INFO  - Go to my account: click on login
19:06:57.781 [main] DEBUG - Parsing relationship: /xl/_rels/workbook.xml.rels
19:06:57.783 [main] DEBUG - Parsing relationship: /xl/worksheets/_rels/sheet1.xml.rels
19:06:57.786 [main] DEBUG - Parsing relationship: /_rels/.rels
19:06:57.801 [main] DEBUG - using default POIXMLDocumentPart for http://schemas.openxmlformats.org/officeDocument/2006/relationships/printerSettings
19:07:17.986 [main] INFO  - Go to my account: click on login
19:07:22.010 [main] DEBUG - Parsing relationship: /xl/_rels/workbook.xml.rels
19:07:22.014 [main] DEBUG - Parsing relationship: /xl/worksheets/_rels/sheet1.xml.rels
19:07:22.019 [main] DEBUG - Parsing relationship: /_rels/.rels
19:07:22.048 [main] DEBUG - using default POIXMLDocumentPart for http://schemas.openxmlformats.org/officeDocument/2006/relationships/printerSettings
19:07:42.795 [main] INFO  - Go to my account: click on login
19:07:46.912 [main] DEBUG - Parsing relationship: /xl/_rels/workbook.xml.rels
19:07:46.913 [main] DEBUG - Parsing relationship: /xl/worksheets/_rels/sheet1.xml.rels
19:07:46.916 [main] DEBUG - Parsing relationship: /_rels/.rels
19:07:46.927 [main] DEBUG - using default POIXMLDocumentPart for http://schemas.openxmlformats.org/officeDocument/2006/relationships/printerSettings
19:13:01.118 [main] INFO  - Go to my account: click on login
19:13:05.088 [main] INFO  - Entering email and password...
19:13:05.500 [main] INFO  - clicked on login button...
19:13:05.550 [main] INFO  - enter my account page...
19:13:13.821 [main] INFO  - user is on account registration page
19:13:14.012 [main] INFO  - user firstName
19:13:14.127 [main] INFO  - user LastName 
19:13:14.259 [main] INFO  - user  entered email
19:13:14.385 [main] INFO  - user entered details till password
19:13:16.735 [main] INFO  - selected Privacy policy
19:13:27.009 [main] INFO  - selected continue
19:13:27.021 [main] INFO  - registration success page
19:18:14.008 [main] INFO  - Go to my account: click on login
19:18:18.799 [main] INFO  - Entering email and password...
19:18:19.284 [main] INFO  - clicked on login button...
19:18:19.295 [main] INFO  - enter my account page...
19:18:37.864 [main] INFO  - user is on account registration page
19:18:38.004 [main] INFO  - user firstName
19:18:38.100 [main] INFO  - user LastName 
19:18:38.215 [main] INFO  - user  entered email
19:18:38.312 [main] INFO  - user entered details till password
19:18:40.562 [main] INFO  - selected Privacy policy
19:18:50.920 [main] INFO  - selected continue
19:18:50.939 [main] INFO  - registration success page
19:19:30.207 [main] INFO  - Go to my account: click on login
19:19:34.394 [main] INFO  - Entering email and password...
19:19:34.901 [main] INFO  - clicked on login button...
19:19:34.911 [main] INFO  - enter my account page...
19:20:17.030 [main] INFO  - Go to my account: click on login
19:20:20.953 [main] INFO  - Entering email and password...
19:20:21.355 [main] INFO  - clicked on login button...
19:20:21.370 [main] INFO  - enter my account page...
20:14:52.178 [main] INFO  - Go to my account: click on login
20:14:57.484 [main] DEBUG - Parsing relationship: /xl/_rels/workbook.xml.rels
20:14:57.496 [main] DEBUG - Parsing relationship: /xl/worksheets/_rels/sheet1.xml.rels
20:14:57.505 [main] DEBUG - Parsing relationship: /_rels/.rels
20:14:59.730 [main] TRACE - Loading type system org.apache.poi.schemas.ooxml.system.ooxml
20:14:59.775 [main] TRACE - Loading type system org.apache.xmlbeans.metadata.system.sXMLCONFIG
20:14:59.776 [main] TRACE - Loading type system org.apache.xmlbeans.metadata.system.sXMLLANG
20:14:59.778 [main] TRACE - Loading type system org.apache.xmlbeans.metadata.system.sXMLSCHEMA
20:14:59.779 [main] TRACE - Loading type system org.apache.xmlbeans.metadata.system.sXMLTOOLS
20:14:59.783 [main] TRACE - Reading unresolved handles for type system org.apache.xmlbeans.metadata.system.sXMLTOOLS
20:14:59.804 [main] TRACE - Finished loading type system org.apache.xmlbeans.metadata.system.sXMLTOOLS
20:14:59.807 [main] TRACE - Reading unresolved handles for type system org.apache.xmlbeans.metadata.system.sXMLSCHEMA
20:14:59.830 [main] TRACE - Finished loading type system org.apache.xmlbeans.metadata.system.sXMLSCHEMA
20:14:59.833 [main] TRACE - Reading unresolved handles for type system org.apache.xmlbeans.metadata.system.sXMLLANG
20:14:59.835 [main] TRACE - Finished loading type system org.apache.xmlbeans.metadata.system.sXMLLANG
20:14:59.837 [main] TRACE - Reading unresolved handles for type system org.apache.xmlbeans.metadata.system.sXMLCONFIG
20:14:59.839 [main] TRACE - Finished loading type system org.apache.xmlbeans.metadata.system.sXMLCONFIG
20:14:59.841 [main] TRACE - Reading unresolved handles for type system org.apache.poi.schemas.ooxml.system.ooxml
20:15:00.034 [main] TRACE - Finished loading type system org.apache.poi.schemas.ooxml.system.ooxml
20:15:00.036 [main] TRACE - Resolving type for handle themefd26doctype
20:15:00.501 [main] TRACE - Resolving type for handle stylesheet5d8bdoctype
20:15:00.546 [main] TRACE - Resolving type for handle ctstylesheet4257type
20:15:00.597 [main] TRACE - Resolving type for handle ctfonts6623type
20:15:00.641 [main] TRACE - Resolving type for handle ctfont14d8type
20:15:00.697 [main] TRACE - Resolving type for handle ctfills2c6ftype
20:15:00.699 [main] TRACE - Resolving type for handle ctfill550ctype
20:15:00.718 [main] TRACE - Resolving type for handle ctborders0d66type
20:15:00.740 [main] TRACE - Resolving type for handle ctborderf935type
20:15:00.762 [main] TRACE - Resolving type for handle ctcellxfs1322type
20:15:00.811 [main] TRACE - Resolving type for handle ctxf97f7type
20:15:00.817 [main] TRACE - Resolving type for handle ctcellstylexfsa81ftype
20:15:00.862 [main] TRACE - Resolving type for handle ctdxfsb26atype
20:15:00.922 [main] TRACE - Resolving type for handle cttablestyles872ftype
20:15:00.977 [main] TRACE - Resolving type for handle sstf81fdoctype
20:15:01.021 [main] TRACE - Resolving type for handle ctsst44f3type
20:15:01.186 [main] TRACE - Resolving type for handle ctrsta472type
20:15:01.231 [main] DEBUG - using default POIXMLDocumentPart for http://schemas.openxmlformats.org/officeDocument/2006/relationships/printerSettings
20:15:01.232 [main] TRACE - Resolving type for handle workbookec17doctype
20:15:01.254 [main] TRACE - Resolving type for handle ctworkbook83c3type
20:15:01.323 [main] TRACE - Resolving type for handle ctsheets49fdtype
20:15:01.342 [main] TRACE - Resolving type for handle ctsheet4dbetype
20:15:01.364 [main] TRACE - Resolving type for handle strelationshipid1e94type
20:15:01.370 [main] TRACE - Resolving type for handle worksheetf539doctype
20:15:01.532 [main] TRACE - Resolving type for handle ctworksheet530dtype
20:15:01.582 [main] TRACE - Resolving type for handle ctcols627ctype
20:15:01.614 [main] TRACE - Resolving type for handle ctcola95ftype
20:15:01.709 [main] TRACE - Resolving type for handle ctsheetdata8408type
20:15:02.106 [main] TRACE - Resolving type for handle ctrowdd39type
20:15:02.169 [main] TRACE - Resolving type for handle ctcell842btype
20:15:02.231 [main] TRACE - Resolving type for handle stcellrefe4e0type
20:15:02.242 [main] TRACE - Resolving type for handle cthyperlinks6416type
20:15:02.246 [main] TRACE - Resolving type for handle cthyperlink0c85type
20:15:02.273 [main] TRACE - Resolving type for handle stxstringf179type
20:15:02.291 [main] TRACE - Resolving type for handle stcelltypebf95type
20:15:13.304 [main] INFO  - clicked logout...
20:15:19.442 [main] INFO  - Go to my account: click on login
20:15:24.090 [main] DEBUG - Parsing relationship: /xl/_rels/workbook.xml.rels
20:15:24.091 [main] DEBUG - Parsing relationship: /xl/worksheets/_rels/sheet1.xml.rels
20:15:24.094 [main] DEBUG - Parsing relationship: /_rels/.rels
20:15:24.136 [main] DEBUG - using default POIXMLDocumentPart for http://schemas.openxmlformats.org/officeDocument/2006/relationships/printerSettings
20:15:34.965 [main] INFO  - clicked logout...
20:15:42.576 [main] INFO  - Go to my account: click on login
20:15:47.553 [main] DEBUG - Parsing relationship: /xl/_rels/workbook.xml.rels
20:15:47.555 [main] DEBUG - Parsing relationship: /xl/worksheets/_rels/sheet1.xml.rels
20:15:47.558 [main] DEBUG - Parsing relationship: /_rels/.rels
20:15:47.578 [main] DEBUG - using default POIXMLDocumentPart for http://schemas.openxmlformats.org/officeDocument/2006/relationships/printerSettings
20:15:57.677 [main] INFO  - clicked logout...
20:16:03.050 [main] INFO  - Go to my account: click on login
20:16:07.465 [main] DEBUG - Parsing relationship: /xl/_rels/workbook.xml.rels
20:16:07.468 [main] DEBUG - Parsing relationship: /xl/worksheets/_rels/sheet1.xml.rels
20:16:07.473 [main] DEBUG - Parsing relationship: /_rels/.rels
20:16:07.506 [main] DEBUG - using default POIXMLDocumentPart for http://schemas.openxmlformats.org/officeDocument/2006/relationships/printerSettings
20:16:28.836 [main] INFO  - Go to my account: click on login
20:16:33.512 [main] DEBUG - Parsing relationship: /xl/_rels/workbook.xml.rels
20:16:33.516 [main] DEBUG - Parsing relationship: /xl/worksheets/_rels/sheet1.xml.rels
20:16:33.521 [main] DEBUG - Parsing relationship: /_rels/.rels
20:16:33.556 [main] DEBUG - using default POIXMLDocumentPart for http://schemas.openxmlformats.org/officeDocument/2006/relationships/printerSettings
20:16:54.068 [main] INFO  - Go to my account: click on login
20:16:58.270 [main] DEBUG - Parsing relationship: /xl/_rels/workbook.xml.rels
20:16:58.271 [main] DEBUG - Parsing relationship: /xl/worksheets/_rels/sheet1.xml.rels
20:16:58.273 [main] DEBUG - Parsing relationship: /_rels/.rels
20:16:58.287 [main] DEBUG - using default POIXMLDocumentPart for http://schemas.openxmlformats.org/officeDocument/2006/relationships/printerSettings
20:17:20.292 [main] INFO  - Go to my account: click on login
20:17:25.412 [main] DEBUG - Parsing relationship: /xl/_rels/workbook.xml.rels
20:17:25.415 [main] DEBUG - Parsing relationship: /xl/worksheets/_rels/sheet1.xml.rels
20:17:25.421 [main] DEBUG - Parsing relationship: /_rels/.rels
20:17:25.446 [main] DEBUG - using default POIXMLDocumentPart for http://schemas.openxmlformats.org/officeDocument/2006/relationships/printerSettings
20:28:16.534 [main] INFO  - Go to my account: click on login
20:28:21.194 [main] DEBUG - Parsing relationship: /xl/_rels/workbook.xml.rels
20:28:21.206 [main] DEBUG - Parsing relationship: /xl/worksheets/_rels/sheet1.xml.rels
20:28:21.223 [main] DEBUG - Parsing relationship: /_rels/.rels
20:28:21.618 [main] TRACE - Loading type system org.apache.poi.schemas.ooxml.system.ooxml
20:28:21.625 [main] TRACE - Loading type system org.apache.xmlbeans.metadata.system.sXMLCONFIG
20:28:21.628 [main] TRACE - Loading type system org.apache.xmlbeans.metadata.system.sXMLLANG
20:28:21.629 [main] TRACE - Loading type system org.apache.xmlbeans.metadata.system.sXMLSCHEMA
20:28:21.630 [main] TRACE - Loading type system org.apache.xmlbeans.metadata.system.sXMLTOOLS
20:28:21.635 [main] TRACE - Reading unresolved handles for type system org.apache.xmlbeans.metadata.system.sXMLTOOLS
20:28:21.663 [main] TRACE - Finished loading type system org.apache.xmlbeans.metadata.system.sXMLTOOLS
20:28:21.665 [main] TRACE - Reading unresolved handles for type system org.apache.xmlbeans.metadata.system.sXMLSCHEMA
20:28:21.685 [main] TRACE - Finished loading type system org.apache.xmlbeans.metadata.system.sXMLSCHEMA
20:28:21.689 [main] TRACE - Reading unresolved handles for type system org.apache.xmlbeans.metadata.system.sXMLLANG
20:28:21.692 [main] TRACE - Finished loading type system org.apache.xmlbeans.metadata.system.sXMLLANG
20:28:21.694 [main] TRACE - Reading unresolved handles for type system org.apache.xmlbeans.metadata.system.sXMLCONFIG
20:28:21.696 [main] TRACE - Finished loading type system org.apache.xmlbeans.metadata.system.sXMLCONFIG
20:28:21.701 [main] TRACE - Reading unresolved handles for type system org.apache.poi.schemas.ooxml.system.ooxml
20:28:21.820 [main] TRACE - Finished loading type system org.apache.poi.schemas.ooxml.system.ooxml
20:28:21.834 [main] TRACE - Resolving type for handle themefd26doctype
20:28:21.966 [main] TRACE - Resolving type for handle stylesheet5d8bdoctype
20:28:21.983 [main] TRACE - Resolving type for handle ctstylesheet4257type
20:28:21.991 [main] TRACE - Resolving type for handle ctfonts6623type
20:28:21.997 [main] TRACE - Resolving type for handle ctfont14d8type
20:28:22.006 [main] TRACE - Resolving type for handle ctfills2c6ftype
20:28:22.010 [main] TRACE - Resolving type for handle ctfill550ctype
20:28:22.022 [main] TRACE - Resolving type for handle ctborders0d66type
20:28:22.026 [main] TRACE - Resolving type for handle ctborderf935type
20:28:22.032 [main] TRACE - Resolving type for handle ctcellxfs1322type
20:28:22.037 [main] TRACE - Resolving type for handle ctxf97f7type
20:28:22.043 [main] TRACE - Resolving type for handle ctcellstylexfsa81ftype
20:28:22.046 [main] TRACE - Resolving type for handle ctdxfsb26atype
20:28:22.051 [main] TRACE - Resolving type for handle cttablestyles872ftype
20:28:22.060 [main] TRACE - Resolving type for handle sstf81fdoctype
20:28:22.080 [main] TRACE - Resolving type for handle ctsst44f3type
20:28:22.094 [main] TRACE - Resolving type for handle ctrsta472type
20:28:22.136 [main] DEBUG - using default POIXMLDocumentPart for http://schemas.openxmlformats.org/officeDocument/2006/relationships/printerSettings
20:28:22.138 [main] TRACE - Resolving type for handle workbookec17doctype
20:28:22.147 [main] TRACE - Resolving type for handle ctworkbook83c3type
20:28:22.160 [main] TRACE - Resolving type for handle ctsheets49fdtype
20:28:22.163 [main] TRACE - Resolving type for handle ctsheet4dbetype
20:28:22.167 [main] TRACE - Resolving type for handle strelationshipid1e94type
20:28:22.171 [main] TRACE - Resolving type for handle worksheetf539doctype
20:28:22.219 [main] TRACE - Resolving type for handle ctworksheet530dtype
20:28:22.240 [main] TRACE - Resolving type for handle ctcols627ctype
20:28:22.248 [main] TRACE - Resolving type for handle ctcola95ftype
20:28:22.279 [main] TRACE - Resolving type for handle ctsheetdata8408type
20:28:22.283 [main] TRACE - Resolving type for handle ctrowdd39type
20:28:22.290 [main] TRACE - Resolving type for handle ctcell842btype
20:28:22.304 [main] TRACE - Resolving type for handle stcellrefe4e0type
20:28:22.313 [main] TRACE - Resolving type for handle cthyperlinks6416type
20:28:22.317 [main] TRACE - Resolving type for handle cthyperlink0c85type
20:28:22.332 [main] TRACE - Resolving type for handle stxstringf179type
20:28:22.337 [main] TRACE - Resolving type for handle stcelltypebf95type
20:28:29.741 [main] INFO  - enter my account page...
20:28:33.055 [main] INFO  - clicked logout...
20:28:39.373 [main] INFO  - Go to my account: click on login
20:28:44.258 [main] DEBUG - Parsing relationship: /xl/_rels/workbook.xml.rels
20:28:44.263 [main] DEBUG - Parsing relationship: /xl/worksheets/_rels/sheet1.xml.rels
20:28:44.269 [main] DEBUG - Parsing relationship: /_rels/.rels
20:28:44.320 [main] DEBUG - using default POIXMLDocumentPart for http://schemas.openxmlformats.org/officeDocument/2006/relationships/printerSettings
20:28:51.467 [main] INFO  - enter my account page...
20:28:54.758 [main] INFO  - clicked logout...
20:29:00.011 [main] INFO  - Go to my account: click on login
20:29:04.358 [main] DEBUG - Parsing relationship: /xl/_rels/workbook.xml.rels
20:29:04.360 [main] DEBUG - Parsing relationship: /xl/worksheets/_rels/sheet1.xml.rels
20:29:04.364 [main] DEBUG - Parsing relationship: /_rels/.rels
20:29:04.393 [main] DEBUG - using default POIXMLDocumentPart for http://schemas.openxmlformats.org/officeDocument/2006/relationships/printerSettings
20:29:11.224 [main] INFO  - enter my account page...
20:29:15.557 [main] INFO  - clicked logout...
20:29:24.274 [main] INFO  - Go to my account: click on login
20:29:29.320 [main] DEBUG - Parsing relationship: /xl/_rels/workbook.xml.rels
20:29:29.321 [main] DEBUG - Parsing relationship: /xl/worksheets/_rels/sheet1.xml.rels
20:29:29.335 [main] DEBUG - Parsing relationship: /_rels/.rels
20:29:29.382 [main] DEBUG - using default POIXMLDocumentPart for http://schemas.openxmlformats.org/officeDocument/2006/relationships/printerSettings
20:29:44.986 [main] INFO  - enter my account page...
20:29:50.853 [main] INFO  - Go to my account: click on login
20:29:55.016 [main] DEBUG - Parsing relationship: /xl/_rels/workbook.xml.rels
20:29:55.020 [main] DEBUG - Parsing relationship: /xl/worksheets/_rels/sheet1.xml.rels
20:29:55.025 [main] DEBUG - Parsing relationship: /_rels/.rels
20:29:55.054 [main] DEBUG - using default POIXMLDocumentPart for http://schemas.openxmlformats.org/officeDocument/2006/relationships/printerSettings
20:30:10.465 [main] INFO  - enter my account page...
20:30:17.388 [main] INFO  - Go to my account: click on login
20:30:22.148 [main] DEBUG - Parsing relationship: /xl/_rels/workbook.xml.rels
20:30:22.151 [main] DEBUG - Parsing relationship: /xl/worksheets/_rels/sheet1.xml.rels
20:30:22.155 [main] DEBUG - Parsing relationship: /_rels/.rels
20:30:22.189 [main] DEBUG - using default POIXMLDocumentPart for http://schemas.openxmlformats.org/officeDocument/2006/relationships/printerSettings
20:30:37.662 [main] INFO  - enter my account page...
20:30:44.913 [main] INFO  - Go to my account: click on login
20:30:49.025 [main] DEBUG - Parsing relationship: /xl/_rels/workbook.xml.rels
20:30:49.028 [main] DEBUG - Parsing relationship: /xl/worksheets/_rels/sheet1.xml.rels
20:30:49.030 [main] DEBUG - Parsing relationship: /_rels/.rels
20:30:49.062 [main] DEBUG - using default POIXMLDocumentPart for http://schemas.openxmlformats.org/officeDocument/2006/relationships/printerSettings
20:31:04.522 [main] INFO  - enter my account page...
20:33:39.662 [main] INFO  - Go to my account: click on login
20:33:44.292 [main] DEBUG - Parsing relationship: /xl/_rels/workbook.xml.rels
20:33:44.299 [main] DEBUG - Parsing relationship: /xl/worksheets/_rels/sheet1.xml.rels
20:33:44.306 [main] DEBUG - Parsing relationship: /_rels/.rels
20:33:44.638 [main] TRACE - Loading type system org.apache.poi.schemas.ooxml.system.ooxml
20:33:44.643 [main] TRACE - Loading type system org.apache.xmlbeans.metadata.system.sXMLCONFIG
20:33:44.644 [main] TRACE - Loading type system org.apache.xmlbeans.metadata.system.sXMLLANG
20:33:44.646 [main] TRACE - Loading type system org.apache.xmlbeans.metadata.system.sXMLSCHEMA
20:33:44.646 [main] TRACE - Loading type system org.apache.xmlbeans.metadata.system.sXMLTOOLS
20:33:44.649 [main] TRACE - Reading unresolved handles for type system org.apache.xmlbeans.metadata.system.sXMLTOOLS
20:33:44.683 [main] TRACE - Finished loading type system org.apache.xmlbeans.metadata.system.sXMLTOOLS
20:33:44.684 [main] TRACE - Reading unresolved handles for type system org.apache.xmlbeans.metadata.system.sXMLSCHEMA
20:33:44.693 [main] TRACE - Finished loading type system org.apache.xmlbeans.metadata.system.sXMLSCHEMA
20:33:44.695 [main] TRACE - Reading unresolved handles for type system org.apache.xmlbeans.metadata.system.sXMLLANG
20:33:44.698 [main] TRACE - Finished loading type system org.apache.xmlbeans.metadata.system.sXMLLANG
20:33:44.702 [main] TRACE - Reading unresolved handles for type system org.apache.xmlbeans.metadata.system.sXMLCONFIG
20:33:44.703 [main] TRACE - Finished loading type system org.apache.xmlbeans.metadata.system.sXMLCONFIG
20:33:44.705 [main] TRACE - Reading unresolved handles for type system org.apache.poi.schemas.ooxml.system.ooxml
20:33:44.844 [main] TRACE - Finished loading type system org.apache.poi.schemas.ooxml.system.ooxml
20:33:44.846 [main] TRACE - Resolving type for handle themefd26doctype
20:33:44.952 [main] TRACE - Resolving type for handle stylesheet5d8bdoctype
20:33:44.962 [main] TRACE - Resolving type for handle ctstylesheet4257type
20:33:44.972 [main] TRACE - Resolving type for handle ctfonts6623type
20:33:44.978 [main] TRACE - Resolving type for handle ctfont14d8type
20:33:45.014 [main] TRACE - Resolving type for handle ctfills2c6ftype
20:33:45.018 [main] TRACE - Resolving type for handle ctfill550ctype
20:33:45.022 [main] TRACE - Resolving type for handle ctborders0d66type
20:33:45.026 [main] TRACE - Resolving type for handle ctborderf935type
20:33:45.031 [main] TRACE - Resolving type for handle ctcellxfs1322type
20:33:45.035 [main] TRACE - Resolving type for handle ctxf97f7type
20:33:45.048 [main] TRACE - Resolving type for handle ctcellstylexfsa81ftype
20:33:45.052 [main] TRACE - Resolving type for handle ctdxfsb26atype
20:33:45.060 [main] TRACE - Resolving type for handle cttablestyles872ftype
20:33:45.065 [main] TRACE - Resolving type for handle sstf81fdoctype
20:33:45.092 [main] TRACE - Resolving type for handle ctsst44f3type
20:33:45.114 [main] TRACE - Resolving type for handle ctrsta472type
20:33:45.229 [main] DEBUG - using default POIXMLDocumentPart for http://schemas.openxmlformats.org/officeDocument/2006/relationships/printerSettings
20:33:45.230 [main] TRACE - Resolving type for handle workbookec17doctype
20:33:45.265 [main] TRACE - Resolving type for handle ctworkbook83c3type
20:33:45.282 [main] TRACE - Resolving type for handle ctsheets49fdtype
20:33:45.290 [main] TRACE - Resolving type for handle ctsheet4dbetype
20:33:45.294 [main] TRACE - Resolving type for handle strelationshipid1e94type
20:33:45.299 [main] TRACE - Resolving type for handle worksheetf539doctype
20:33:45.313 [main] TRACE - Resolving type for handle ctworksheet530dtype
20:33:45.332 [main] TRACE - Resolving type for handle ctcols627ctype
20:33:45.343 [main] TRACE - Resolving type for handle ctcola95ftype
20:33:45.381 [main] TRACE - Resolving type for handle ctsheetdata8408type
20:33:45.387 [main] TRACE - Resolving type for handle ctrowdd39type
20:33:45.397 [main] TRACE - Resolving type for handle ctcell842btype
20:33:45.409 [main] TRACE - Resolving type for handle stcellrefe4e0type
20:33:45.421 [main] TRACE - Resolving type for handle cthyperlinks6416type
20:33:45.425 [main] TRACE - Resolving type for handle cthyperlink0c85type
20:33:45.439 [main] TRACE - Resolving type for handle stxstringf179type
20:33:45.443 [main] TRACE - Resolving type for handle stcelltypebf95type
20:33:52.388 [main] INFO  - enter my account page...
20:33:58.818 [main] INFO  - clicked logout...
20:34:05.465 [main] INFO  - Go to my account: click on login
20:34:10.361 [main] DEBUG - Parsing relationship: /xl/_rels/workbook.xml.rels
20:34:10.363 [main] DEBUG - Parsing relationship: /xl/worksheets/_rels/sheet1.xml.rels
20:34:10.368 [main] DEBUG - Parsing relationship: /_rels/.rels
20:34:10.402 [main] DEBUG - using default POIXMLDocumentPart for http://schemas.openxmlformats.org/officeDocument/2006/relationships/printerSettings
20:34:17.564 [main] INFO  - enter my account page...
20:34:24.169 [main] INFO  - clicked logout...
20:34:29.577 [main] INFO  - Go to my account: click on login
20:34:33.556 [main] DEBUG - Parsing relationship: /xl/_rels/workbook.xml.rels
20:34:33.557 [main] DEBUG - Parsing relationship: /xl/worksheets/_rels/sheet1.xml.rels
20:34:33.558 [main] DEBUG - Parsing relationship: /_rels/.rels
20:34:33.582 [main] DEBUG - using default POIXMLDocumentPart for http://schemas.openxmlformats.org/officeDocument/2006/relationships/printerSettings
20:46:36.124 [main] INFO  - Go to my account: click on login
20:46:40.968 [main] DEBUG - Parsing relationship: /xl/_rels/workbook.xml.rels
20:46:40.975 [main] DEBUG - Parsing relationship: /xl/worksheets/_rels/sheet1.xml.rels
20:46:40.982 [main] DEBUG - Parsing relationship: /_rels/.rels
20:46:41.406 [main] TRACE - Loading type system org.apache.poi.schemas.ooxml.system.ooxml
20:46:41.412 [main] TRACE - Loading type system org.apache.xmlbeans.metadata.system.sXMLCONFIG
20:46:41.414 [main] TRACE - Loading type system org.apache.xmlbeans.metadata.system.sXMLLANG
20:46:41.415 [main] TRACE - Loading type system org.apache.xmlbeans.metadata.system.sXMLSCHEMA
20:46:41.416 [main] TRACE - Loading type system org.apache.xmlbeans.metadata.system.sXMLTOOLS
20:46:41.420 [main] TRACE - Reading unresolved handles for type system org.apache.xmlbeans.metadata.system.sXMLTOOLS
20:46:41.450 [main] TRACE - Finished loading type system org.apache.xmlbeans.metadata.system.sXMLTOOLS
20:46:41.453 [main] TRACE - Reading unresolved handles for type system org.apache.xmlbeans.metadata.system.sXMLSCHEMA
20:46:41.466 [main] TRACE - Finished loading type system org.apache.xmlbeans.metadata.system.sXMLSCHEMA
20:46:41.469 [main] TRACE - Reading unresolved handles for type system org.apache.xmlbeans.metadata.system.sXMLLANG
20:46:41.472 [main] TRACE - Finished loading type system org.apache.xmlbeans.metadata.system.sXMLLANG
20:46:41.474 [main] TRACE - Reading unresolved handles for type system org.apache.xmlbeans.metadata.system.sXMLCONFIG
20:46:41.476 [main] TRACE - Finished loading type system org.apache.xmlbeans.metadata.system.sXMLCONFIG
20:46:41.480 [main] TRACE - Reading unresolved handles for type system org.apache.poi.schemas.ooxml.system.ooxml
20:46:41.644 [main] TRACE - Finished loading type system org.apache.poi.schemas.ooxml.system.ooxml
20:46:41.645 [main] TRACE - Resolving type for handle themefd26doctype
20:46:41.769 [main] TRACE - Resolving type for handle stylesheet5d8bdoctype
20:46:41.783 [main] TRACE - Resolving type for handle ctstylesheet4257type
20:46:41.794 [main] TRACE - Resolving type for handle ctfonts6623type
20:46:41.799 [main] TRACE - Resolving type for handle ctfont14d8type
20:46:41.814 [main] TRACE - Resolving type for handle ctfills2c6ftype
20:46:41.819 [main] TRACE - Resolving type for handle ctfill550ctype
20:46:41.824 [main] TRACE - Resolving type for handle ctborders0d66type
20:46:41.830 [main] TRACE - Resolving type for handle ctborderf935type
20:46:41.836 [main] TRACE - Resolving type for handle ctcellxfs1322type
20:46:41.841 [main] TRACE - Resolving type for handle ctxf97f7type
20:46:41.846 [main] TRACE - Resolving type for handle ctcellstylexfsa81ftype
20:46:41.850 [main] TRACE - Resolving type for handle ctdxfsb26atype
20:46:41.856 [main] TRACE - Resolving type for handle cttablestyles872ftype
20:46:41.863 [main] TRACE - Resolving type for handle sstf81fdoctype
20:46:41.872 [main] TRACE - Resolving type for handle ctsst44f3type
20:46:41.892 [main] TRACE - Resolving type for handle ctrsta472type
20:46:41.947 [main] DEBUG - using default POIXMLDocumentPart for http://schemas.openxmlformats.org/officeDocument/2006/relationships/printerSettings
20:46:41.949 [main] TRACE - Resolving type for handle workbookec17doctype
20:46:41.965 [main] TRACE - Resolving type for handle ctworkbook83c3type
20:46:41.974 [main] TRACE - Resolving type for handle ctsheets49fdtype
20:46:41.978 [main] TRACE - Resolving type for handle ctsheet4dbetype
20:46:41.983 [main] TRACE - Resolving type for handle strelationshipid1e94type
20:46:41.994 [main] TRACE - Resolving type for handle worksheetf539doctype
20:46:42.012 [main] TRACE - Resolving type for handle ctworksheet530dtype
20:46:42.032 [main] TRACE - Resolving type for handle ctcols627ctype
20:46:42.070 [main] TRACE - Resolving type for handle ctcola95ftype
20:46:42.106 [main] TRACE - Resolving type for handle ctsheetdata8408type
20:46:42.112 [main] TRACE - Resolving type for handle ctrowdd39type
20:46:42.121 [main] TRACE - Resolving type for handle ctcell842btype
20:46:42.133 [main] TRACE - Resolving type for handle stcellrefe4e0type
20:46:42.143 [main] TRACE - Resolving type for handle cthyperlinks6416type
20:46:42.146 [main] TRACE - Resolving type for handle cthyperlink0c85type
20:46:42.152 [main] TRACE - Resolving type for handle stxstringf179type
20:46:42.156 [main] TRACE - Resolving type for handle stcelltypebf95type
20:46:44.127 [main] INFO  - Target page loaded: true
20:46:52.450 [main] INFO  - Go to my account: click on login
20:46:57.364 [main] DEBUG - Parsing relationship: /xl/_rels/workbook.xml.rels
20:46:57.367 [main] DEBUG - Parsing relationship: /xl/worksheets/_rels/sheet1.xml.rels
20:46:57.373 [main] DEBUG - Parsing relationship: /_rels/.rels
20:46:57.400 [main] DEBUG - using default POIXMLDocumentPart for http://schemas.openxmlformats.org/officeDocument/2006/relationships/printerSettings
20:46:59.437 [main] INFO  - Target page loaded: true
20:47:05.364 [main] INFO  - Go to my account: click on login
20:47:09.528 [main] DEBUG - Parsing relationship: /xl/_rels/workbook.xml.rels
20:47:09.530 [main] DEBUG - Parsing relationship: /xl/worksheets/_rels/sheet1.xml.rels
20:47:09.535 [main] DEBUG - Parsing relationship: /_rels/.rels
20:47:09.578 [main] DEBUG - using default POIXMLDocumentPart for http://schemas.openxmlformats.org/officeDocument/2006/relationships/printerSettings
20:47:10.921 [main] INFO  - Target page loaded: true
20:47:17.332 [main] INFO  - Go to my account: click on login
20:47:21.457 [main] DEBUG - Parsing relationship: /xl/_rels/workbook.xml.rels
20:47:21.460 [main] DEBUG - Parsing relationship: /xl/worksheets/_rels/sheet1.xml.rels
20:47:21.463 [main] DEBUG - Parsing relationship: /_rels/.rels
20:47:21.484 [main] DEBUG - using default POIXMLDocumentPart for http://schemas.openxmlformats.org/officeDocument/2006/relationships/printerSettings
20:47:39.109 [main] INFO  - Go to my account: click on login
20:47:43.387 [main] DEBUG - Parsing relationship: /xl/_rels/workbook.xml.rels
20:47:43.390 [main] DEBUG - Parsing relationship: /xl/worksheets/_rels/sheet1.xml.rels
20:47:43.394 [main] DEBUG - Parsing relationship: /_rels/.rels
20:47:43.429 [main] DEBUG - using default POIXMLDocumentPart for http://schemas.openxmlformats.org/officeDocument/2006/relationships/printerSettings
20:47:58.955 [main] INFO  - Go to my account: click on login
20:48:03.205 [main] DEBUG - Parsing relationship: /xl/_rels/workbook.xml.rels
20:48:03.209 [main] DEBUG - Parsing relationship: /xl/worksheets/_rels/sheet1.xml.rels
20:48:03.212 [main] DEBUG - Parsing relationship: /_rels/.rels
20:48:03.240 [main] DEBUG - using default POIXMLDocumentPart for http://schemas.openxmlformats.org/officeDocument/2006/relationships/printerSettings
20:48:18.991 [main] INFO  - Go to my account: click on login
20:48:23.274 [main] DEBUG - Parsing relationship: /xl/_rels/workbook.xml.rels
20:48:23.277 [main] DEBUG - Parsing relationship: /xl/worksheets/_rels/sheet1.xml.rels
20:48:23.281 [main] DEBUG - Parsing relationship: /_rels/.rels
20:48:23.316 [main] DEBUG - using default POIXMLDocumentPart for http://schemas.openxmlformats.org/officeDocument/2006/relationships/printerSettings
20:59:15.507 [main] INFO  - Go to my account: click on login
20:59:19.814 [main] DEBUG - Parsing relationship: /xl/_rels/workbook.xml.rels
20:59:19.818 [main] DEBUG - Parsing relationship: /xl/worksheets/_rels/sheet1.xml.rels
20:59:19.822 [main] DEBUG - Parsing relationship: /_rels/.rels
20:59:20.030 [main] TRACE - Loading type system org.apache.poi.schemas.ooxml.system.ooxml
20:59:20.036 [main] TRACE - Loading type system org.apache.xmlbeans.metadata.system.sXMLCONFIG
20:59:20.037 [main] TRACE - Loading type system org.apache.xmlbeans.metadata.system.sXMLLANG
20:59:20.038 [main] TRACE - Loading type system org.apache.xmlbeans.metadata.system.sXMLSCHEMA
20:59:20.039 [main] TRACE - Loading type system org.apache.xmlbeans.metadata.system.sXMLTOOLS
20:59:20.041 [main] TRACE - Reading unresolved handles for type system org.apache.xmlbeans.metadata.system.sXMLTOOLS
20:59:20.060 [main] TRACE - Finished loading type system org.apache.xmlbeans.metadata.system.sXMLTOOLS
20:59:20.062 [main] TRACE - Reading unresolved handles for type system org.apache.xmlbeans.metadata.system.sXMLSCHEMA
20:59:20.068 [main] TRACE - Finished loading type system org.apache.xmlbeans.metadata.system.sXMLSCHEMA
20:59:20.071 [main] TRACE - Reading unresolved handles for type system org.apache.xmlbeans.metadata.system.sXMLLANG
20:59:20.072 [main] TRACE - Finished loading type system org.apache.xmlbeans.metadata.system.sXMLLANG
20:59:20.073 [main] TRACE - Reading unresolved handles for type system org.apache.xmlbeans.metadata.system.sXMLCONFIG
20:59:20.074 [main] TRACE - Finished loading type system org.apache.xmlbeans.metadata.system.sXMLCONFIG
20:59:20.076 [main] TRACE - Reading unresolved handles for type system org.apache.poi.schemas.ooxml.system.ooxml
20:59:20.158 [main] TRACE - Finished loading type system org.apache.poi.schemas.ooxml.system.ooxml
20:59:20.159 [main] TRACE - Resolving type for handle themefd26doctype
20:59:20.227 [main] TRACE - Resolving type for handle stylesheet5d8bdoctype
20:59:20.233 [main] TRACE - Resolving type for handle ctstylesheet4257type
20:59:20.238 [main] TRACE - Resolving type for handle ctfonts6623type
20:59:20.241 [main] TRACE - Resolving type for handle ctfont14d8type
20:59:20.249 [main] TRACE - Resolving type for handle ctfills2c6ftype
20:59:20.254 [main] TRACE - Resolving type for handle ctfill550ctype
20:59:20.258 [main] TRACE - Resolving type for handle ctborders0d66type
20:59:20.262 [main] TRACE - Resolving type for handle ctborderf935type
20:59:20.267 [main] TRACE - Resolving type for handle ctcellxfs1322type
20:59:20.271 [main] TRACE - Resolving type for handle ctxf97f7type
20:59:20.280 [main] TRACE - Resolving type for handle ctcellstylexfsa81ftype
20:59:20.283 [main] TRACE - Resolving type for handle ctdxfsb26atype
20:59:20.287 [main] TRACE - Resolving type for handle cttablestyles872ftype
20:59:20.290 [main] TRACE - Resolving type for handle sstf81fdoctype
20:59:20.316 [main] TRACE - Resolving type for handle ctsst44f3type
20:59:20.330 [main] TRACE - Resolving type for handle ctrsta472type
