20:59:20.364 [main] DEBUG - using default POIXMLDocumentPart for http://schemas.openxmlformats.org/officeDocument/2006/relationships/printerSettings
20:59:20.371 [main] TRACE - Resolving type for handle workbookec17doctype
20:59:20.381 [main] TRACE - Resolving type for handle ctworkbook83c3type
20:59:20.388 [main] TRACE - Resolving type for handle ctsheets49fdtype
20:59:20.391 [main] TRACE - Resolving type for handle ctsheet4dbetype
20:59:20.394 [main] TRACE - Resolving type for handle strelationshipid1e94type
20:59:20.397 [main] TRACE - Resolving type for handle worksheetf539doctype
20:59:20.407 [main] TRACE - Resolving type for handle ctworksheet530dtype
20:59:20.419 [main] TRACE - Resolving type for handle ctcols627ctype
20:59:20.425 [main] TRACE - Resolving type for handle ctcola95ftype
20:59:20.444 [main] TRACE - Resolving type for handle ctsheetdata8408type
20:59:20.447 [main] TRACE - Resolving type for handle ctrowdd39type
20:59:20.453 [main] TRACE - Resolving type for handle ctcell842btype
20:59:20.459 [main] TRACE - Resolving type for handle stcellrefe4e0type
20:59:20.465 [main] TRACE - Resolving type for handle cthyperlinks6416type
20:59:20.468 [main] TRACE - Resolving type for handle cthyperlink0c85type
20:59:20.474 [main] TRACE - Resolving type for handle stxstringf179type
20:59:20.476 [main] TRACE - Resolving type for handle stcelltypebf95type
20:59:27.066 [main] INFO  - enter my account page...
20:59:33.154 [main] INFO  - clicked logout...
20:59:38.482 [main] INFO  - Go to my account: click on login
20:59:42.493 [main] DEBUG - Parsing relationship: /xl/_rels/workbook.xml.rels
20:59:42.494 [main] DEBUG - Parsing relationship: /xl/worksheets/_rels/sheet1.xml.rels
20:59:42.496 [main] DEBUG - Parsing relationship: /_rels/.rels
20:59:42.518 [main] DEBUG - using default POIXMLDocumentPart for http://schemas.openxmlformats.org/officeDocument/2006/relationships/printerSettings
20:59:49.001 [main] INFO  - enter my account page...
20:59:54.715 [main] INFO  - clicked logout...
21:00:00.327 [main] INFO  - Go to my account: click on login
21:00:04.499 [main] DEBUG - Parsing relationship: /xl/_rels/workbook.xml.rels
21:00:04.501 [main] DEBUG - Parsing relationship: /xl/worksheets/_rels/sheet1.xml.rels
21:00:04.504 [main] DEBUG - Parsing relationship: /_rels/.rels
21:00:04.531 [main] DEBUG - using default POIXMLDocumentPart for http://schemas.openxmlformats.org/officeDocument/2006/relationships/printerSettings
21:00:10.858 [main] INFO  - enter my account page...
21:00:16.903 [main] INFO  - clicked logout...
21:00:22.977 [main] INFO  - Go to my account: click on login
21:00:27.618 [main] DEBUG - Parsing relationship: /xl/_rels/workbook.xml.rels
21:00:27.621 [main] DEBUG - Parsing relationship: /xl/worksheets/_rels/sheet1.xml.rels
21:00:27.626 [main] DEBUG - Parsing relationship: /_rels/.rels
21:00:27.653 [main] DEBUG - using default POIXMLDocumentPart for http://schemas.openxmlformats.org/officeDocument/2006/relationships/printerSettings
21:00:43.075 [main] INFO  - enter my account page...
21:00:48.000 [main] INFO  - Go to my account: click on login
21:00:52.334 [main] DEBUG - Parsing relationship: /xl/_rels/workbook.xml.rels
21:00:52.338 [main] DEBUG - Parsing relationship: /xl/worksheets/_rels/sheet1.xml.rels
21:00:52.344 [main] DEBUG - Parsing relationship: /_rels/.rels
21:00:52.403 [main] DEBUG - using default POIXMLDocumentPart for http://schemas.openxmlformats.org/officeDocument/2006/relationships/printerSettings
21:01:07.787 [main] INFO  - enter my account page...
21:01:13.136 [main] INFO  - Go to my account: click on login
21:01:17.675 [main] DEBUG - Parsing relationship: /xl/_rels/workbook.xml.rels
21:01:17.676 [main] DEBUG - Parsing relationship: /xl/worksheets/_rels/sheet1.xml.rels
21:01:17.679 [main] DEBUG - Parsing relationship: /_rels/.rels
21:01:17.696 [main] DEBUG - using default POIXMLDocumentPart for http://schemas.openxmlformats.org/officeDocument/2006/relationships/printerSettings
21:01:33.083 [main] INFO  - enter my account page...
21:01:37.985 [main] INFO  - Go to my account: click on login
21:01:42.517 [main] DEBUG - Parsing relationship: /xl/_rels/workbook.xml.rels
21:01:42.519 [main] DEBUG - Parsing relationship: /xl/worksheets/_rels/sheet1.xml.rels
21:01:42.523 [main] DEBUG - Parsing relationship: /_rels/.rels
21:01:42.543 [main] DEBUG - using default POIXMLDocumentPart for http://schemas.openxmlformats.org/officeDocument/2006/relationships/printerSettings
21:01:57.948 [main] INFO  - enter my account page...
21:42:41.257 [main] INFO  - Go to my account: click on login
21:42:47.626 [main] INFO  - Entering email and password...
21:42:48.057 [main] INFO  - clicked on login button...
21:42:48.064 [main] INFO  - enter my account page...
21:45:27.135 [main] INFO  - Go to my account: click on login
21:45:31.483 [main] INFO  - Entering email and password...
21:45:31.879 [main] INFO  - clicked on login button...
21:45:31.889 [main] INFO  - enter my account page...
21:46:43.614 [main] INFO  - Go to my account: click on login
21:46:48.250 [main] INFO  - Entering email and password...
21:46:48.689 [main] INFO  - clicked on login button...
21:46:48.698 [main] INFO  - enter my account page...
22:43:23.275 [main] INFO  - Go to my account: click on login
22:43:28.577 [main] INFO  - Entering email and password...
22:43:30.051 [main] INFO  - clicked on login button...
22:43:30.062 [main] INFO  - enter my account page...
22:48:18.141 [main] INFO  - Go to my account: click on login
22:48:22.610 [main] INFO  - Entering email and password...
22:48:23.024 [main] INFO  - clicked on login button...
22:48:23.033 [main] INFO  - enter my account page...
22:57:55.187 [main] INFO  - Go to my account: click on login
22:58:01.822 [main] INFO  - Entering email and password...
22:58:02.513 [main] INFO  - clicked on login button...
22:58:02.519 [main] INFO  - enter my account page...
12:07:07.905 [main] INFO  - Go to my account: click on login
12:07:13.953 [main] INFO  - Entering email and password...
12:07:14.473 [main] INFO  - clicked on login button...
12:07:14.481 [main] INFO  - enter my account page...
12:12:06.289 [main] INFO  - Go to my account: click on login
12:12:10.317 [main] INFO  - Entering email and password...
12:12:10.802 [main] INFO  - clicked on login button...
12:12:10.810 [main] INFO  - enter my account page...
